2022/09/09 08:45:09 [notice] 1#1: using the "epoll" event method
2022/09/09 08:45:09 [notice] 1#1: nginx/1.23.1
2022/09/09 08:45:09 [notice] 1#1: built by gcc 10.2.1 20210110 (Debian 10.2.1-6) 
2022/09/09 08:45:09 [notice] 1#1: OS: Linux 5.10.16.3-microsoft-standard-WSL2
2022/09/09 08:45:09 [notice] 1#1: getrlimit(RLIMIT_NOFILE): 1048576:1048576
2022/09/09 08:45:09 [notice] 1#1: start worker processes
2022/09/09 08:45:09 [notice] 1#1: start worker process 31
2022/09/09 08:45:09 [notice] 1#1: start worker process 32
2022/09/09 08:45:09 [notice] 1#1: start worker process 33
2022/09/09 08:45:09 [notice] 1#1: start worker process 34
2022/09/09 08:45:09 [notice] 1#1: start worker process 35
2022/09/09 08:45:09 [notice] 1#1: start worker process 36
2022/09/09 08:45:09 [notice] 1#1: start worker process 37
2022/09/09 08:45:09 [notice] 1#1: start worker process 38
2022/09/09 08:45:10 [error] 32#32: *1 FastCGI sent in stderr: "Primary script unknown" while reading response header from upstream, client: 172.19.0.1, server: , request: "GET / HTTP/1.1", upstream: "fastcgi://172.19.0.2:9000", host: "localhost:8080"
2022/09/09 08:46:10 [info] 31#31: *2 client timed out (110: Connection timed out) while waiting for request, client: 172.19.0.1, server: 0.0.0.0:80
2022/09/09 08:46:10 [info] 33#33: *4 client timed out (110: Connection timed out) while waiting for request, client: 172.19.0.1, server: 0.0.0.0:80
2022/09/09 08:46:39 [notice] 1#1: using the "epoll" event method
2022/09/09 08:46:39 [notice] 1#1: nginx/1.23.1
2022/09/09 08:46:39 [notice] 1#1: built by gcc 10.2.1 20210110 (Debian 10.2.1-6) 
2022/09/09 08:46:39 [notice] 1#1: OS: Linux 5.10.16.3-microsoft-standard-WSL2
2022/09/09 08:46:39 [notice] 1#1: getrlimit(RLIMIT_NOFILE): 1048576:1048576
2022/09/09 08:46:39 [notice] 1#1: start worker processes
2022/09/09 08:46:39 [notice] 1#1: start worker process 31
2022/09/09 08:46:39 [notice] 1#1: start worker process 32
2022/09/09 08:46:39 [notice] 1#1: start worker process 33
2022/09/09 08:46:39 [notice] 1#1: start worker process 34
2022/09/09 08:46:39 [notice] 1#1: start worker process 35
2022/09/09 08:46:39 [notice] 1#1: start worker process 36
2022/09/09 08:46:39 [notice] 1#1: start worker process 37
2022/09/09 08:46:39 [notice] 1#1: start worker process 38
2022/09/09 08:46:39 [error] 31#31: *1 FastCGI sent in stderr: "Primary script unknown" while reading response header from upstream, client: 172.19.0.1, server: , request: "GET / HTTP/1.1", upstream: "fastcgi://172.19.0.2:9000", host: "localhost:8080"
2022/09/09 08:47:39 [info] 32#32: *2 client timed out (110: Connection timed out) while waiting for request, client: 172.19.0.1, server: 0.0.0.0:80
2022/09/09 08:47:39 [info] 33#33: *4 client timed out (110: Connection timed out) while waiting for request, client: 172.19.0.1, server: 0.0.0.0:80
2022/09/09 08:48:16 [notice] 1#1: signal 3 (SIGQUIT) received, shutting down
2022/09/09 08:48:16 [notice] 31#31: gracefully shutting down
2022/09/09 08:48:16 [notice] 32#32: gracefully shutting down
2022/09/09 08:48:16 [notice] 34#34: gracefully shutting down
2022/09/09 08:48:16 [notice] 33#33: gracefully shutting down
2022/09/09 08:48:16 [notice] 35#35: gracefully shutting down
2022/09/09 08:48:16 [notice] 37#37: gracefully shutting down
2022/09/09 08:48:16 [notice] 36#36: gracefully shutting down
2022/09/09 08:48:16 [notice] 38#38: gracefully shutting down
2022/09/09 08:48:16 [notice] 31#31: exiting
2022/09/09 08:48:16 [notice] 32#32: exiting
2022/09/09 08:48:16 [notice] 34#34: exiting
2022/09/09 08:48:16 [notice] 33#33: exiting
2022/09/09 08:48:16 [notice] 35#35: exiting
2022/09/09 08:48:16 [notice] 37#37: exiting
2022/09/09 08:48:16 [notice] 36#36: exiting
2022/09/09 08:48:16 [notice] 38#38: exiting
2022/09/09 08:48:16 [notice] 31#31: exit
2022/09/09 08:48:16 [notice] 32#32: exit
2022/09/09 08:48:16 [notice] 34#34: exit
2022/09/09 08:48:16 [notice] 33#33: exit
2022/09/09 08:48:16 [notice] 35#35: exit
2022/09/09 08:48:16 [notice] 37#37: exit
2022/09/09 08:48:16 [notice] 36#36: exit
2022/09/09 08:48:16 [notice] 38#38: exit
2022/09/09 08:48:16 [notice] 1#1: signal 17 (SIGCHLD) received from 31
2022/09/09 08:48:16 [notice] 1#1: worker process 31 exited with code 0
2022/09/09 08:48:16 [notice] 1#1: worker process 33 exited with code 0
2022/09/09 08:48:16 [notice] 1#1: worker process 35 exited with code 0
2022/09/09 08:48:16 [notice] 1#1: worker process 38 exited with code 0
2022/09/09 08:48:16 [notice] 1#1: signal 29 (SIGIO) received
2022/09/09 08:48:16 [notice] 1#1: signal 17 (SIGCHLD) received from 32
2022/09/09 08:48:16 [notice] 1#1: worker process 32 exited with code 0
2022/09/09 08:48:16 [notice] 1#1: worker process 37 exited with code 0
2022/09/09 08:48:16 [notice] 1#1: signal 29 (SIGIO) received
2022/09/09 08:48:16 [notice] 1#1: signal 17 (SIGCHLD) received from 37
2022/09/09 08:48:16 [notice] 1#1: signal 17 (SIGCHLD) received from 34
2022/09/09 08:48:16 [notice] 1#1: worker process 34 exited with code 0
2022/09/09 08:48:16 [notice] 1#1: signal 29 (SIGIO) received
2022/09/09 08:48:16 [notice] 1#1: signal 17 (SIGCHLD) received from 36
2022/09/09 08:48:16 [notice] 1#1: worker process 36 exited with code 0
2022/09/09 08:48:16 [notice] 1#1: exit
2022/09/09 08:51:09 [notice] 1#1: using the "epoll" event method
2022/09/09 08:51:09 [notice] 1#1: nginx/1.23.1
2022/09/09 08:51:09 [notice] 1#1: built by gcc 10.2.1 20210110 (Debian 10.2.1-6) 
2022/09/09 08:51:09 [notice] 1#1: OS: Linux 5.10.16.3-microsoft-standard-WSL2
2022/09/09 08:51:09 [notice] 1#1: getrlimit(RLIMIT_NOFILE): 1048576:1048576
2022/09/09 08:51:09 [notice] 1#1: start worker processes
2022/09/09 08:51:09 [notice] 1#1: start worker process 30
2022/09/09 08:51:09 [notice] 1#1: start worker process 31
2022/09/09 08:51:09 [notice] 1#1: start worker process 32
2022/09/09 08:51:09 [notice] 1#1: start worker process 33
2022/09/09 08:51:09 [notice] 1#1: start worker process 34
2022/09/09 08:51:09 [notice] 1#1: start worker process 35
2022/09/09 08:51:09 [notice] 1#1: start worker process 36
2022/09/09 08:51:09 [notice] 1#1: start worker process 37
2022/09/09 08:51:17 [info] 30#30: *2 client closed connection while waiting for request, client: 172.19.0.1, server: 0.0.0.0:80
2022/09/09 08:51:17 [info] 30#30: *1 client 172.19.0.1 closed keepalive connection
2022/09/09 08:52:22 [info] 32#32: *5 client timed out (110: Connection timed out) while waiting for request, client: 172.19.0.1, server: 0.0.0.0:80
2022/09/09 09:00:23 [info] 34#34: *8 client closed connection while waiting for request, client: 172.19.0.1, server: 0.0.0.0:80
2022/09/09 09:00:33 [info] 33#33: *9 client 172.19.0.1 closed keepalive connection
2022/09/09 09:02:18 [notice] 1#1: signal 3 (SIGQUIT) received, shutting down
2022/09/09 09:02:18 [notice] 33#33: gracefully shutting down
2022/09/09 09:02:18 [notice] 31#31: gracefully shutting down
2022/09/09 09:02:18 [notice] 34#34: gracefully shutting down
2022/09/09 09:02:18 [notice] 30#30: gracefully shutting down
2022/09/09 09:02:18 [notice] 34#34: exiting
2022/09/09 09:02:18 [notice] 32#32: gracefully shutting down
2022/09/09 09:02:18 [notice] 34#34: exit
2022/09/09 09:02:18 [notice] 35#35: gracefully shutting down
2022/09/09 09:02:18 [notice] 37#37: gracefully shutting down
2022/09/09 09:02:18 [notice] 35#35: exiting
2022/09/09 09:02:18 [notice] 36#36: gracefully shutting down
2022/09/09 09:02:18 [notice] 33#33: exiting
2022/09/09 09:02:18 [notice] 36#36: exiting
2022/09/09 09:02:18 [notice] 31#31: exiting
2022/09/09 09:02:18 [notice] 30#30: exiting
2022/09/09 09:02:18 [notice] 32#32: exiting
2022/09/09 09:02:18 [notice] 37#37: exiting
2022/09/09 09:02:18 [notice] 35#35: exit
2022/09/09 09:02:18 [notice] 33#33: exit
2022/09/09 09:02:18 [notice] 36#36: exit
2022/09/09 09:02:18 [notice] 31#31: exit
2022/09/09 09:02:18 [notice] 30#30: exit
2022/09/09 09:02:18 [notice] 32#32: exit
2022/09/09 09:02:18 [notice] 37#37: exit
2022/09/09 09:02:18 [notice] 1#1: signal 17 (SIGCHLD) received from 35
2022/09/09 09:02:18 [notice] 1#1: worker process 31 exited with code 0
2022/09/09 09:02:18 [notice] 1#1: worker process 32 exited with code 0
2022/09/09 09:02:18 [notice] 1#1: worker process 33 exited with code 0
2022/09/09 09:02:18 [notice] 1#1: worker process 34 exited with code 0
2022/09/09 09:02:18 [notice] 1#1: worker process 35 exited with code 0
2022/09/09 09:02:18 [notice] 1#1: worker process 36 exited with code 0
2022/09/09 09:02:18 [notice] 1#1: worker process 37 exited with code 0
2022/09/09 09:02:18 [notice] 1#1: signal 29 (SIGIO) received
2022/09/09 09:02:18 [notice] 1#1: signal 17 (SIGCHLD) received from 31
2022/09/09 09:02:18 [notice] 1#1: signal 17 (SIGCHLD) received from 30
2022/09/09 09:02:18 [notice] 1#1: worker process 30 exited with code 0
2022/09/09 09:02:18 [notice] 1#1: exit
2022/09/09 09:26:38 [notice] 1#1: using the "epoll" event method
2022/09/09 09:26:38 [notice] 1#1: nginx/1.23.1
2022/09/09 09:26:38 [notice] 1#1: built by gcc 10.2.1 20210110 (Debian 10.2.1-6) 
2022/09/09 09:26:38 [notice] 1#1: OS: Linux 5.10.16.3-microsoft-standard-WSL2
2022/09/09 09:26:38 [notice] 1#1: getrlimit(RLIMIT_NOFILE): 1048576:1048576
2022/09/09 09:26:38 [notice] 1#1: start worker processes
2022/09/09 09:26:38 [notice] 1#1: start worker process 30
2022/09/09 09:26:38 [notice] 1#1: start worker process 31
2022/09/09 09:26:38 [notice] 1#1: start worker process 32
2022/09/09 09:26:38 [notice] 1#1: start worker process 33
2022/09/09 09:26:38 [notice] 1#1: start worker process 34
2022/09/09 09:26:38 [notice] 1#1: start worker process 35
2022/09/09 09:26:38 [notice] 1#1: start worker process 36
2022/09/09 09:26:38 [notice] 1#1: start worker process 37
2022/09/09 09:27:24 [notice] 1#1: signal 3 (SIGQUIT) received, shutting down
2022/09/09 09:27:24 [notice] 30#30: gracefully shutting down
2022/09/09 09:27:24 [notice] 31#31: gracefully shutting down
2022/09/09 09:27:24 [notice] 32#32: gracefully shutting down
2022/09/09 09:27:24 [notice] 33#33: gracefully shutting down
2022/09/09 09:27:24 [notice] 34#34: gracefully shutting down
2022/09/09 09:27:24 [notice] 35#35: gracefully shutting down
2022/09/09 09:27:24 [notice] 37#37: gracefully shutting down
2022/09/09 09:27:24 [notice] 36#36: gracefully shutting down
2022/09/09 09:27:24 [notice] 30#30: exiting
2022/09/09 09:27:24 [notice] 31#31: exiting
2022/09/09 09:27:24 [notice] 32#32: exiting
2022/09/09 09:27:24 [notice] 33#33: exiting
2022/09/09 09:27:24 [notice] 34#34: exiting
2022/09/09 09:27:24 [notice] 35#35: exiting
2022/09/09 09:27:24 [notice] 37#37: exiting
2022/09/09 09:27:24 [notice] 36#36: exiting
2022/09/09 09:27:24 [notice] 30#30: exit
2022/09/09 09:27:24 [notice] 31#31: exit
2022/09/09 09:27:24 [notice] 32#32: exit
2022/09/09 09:27:24 [notice] 33#33: exit
2022/09/09 09:27:24 [notice] 34#34: exit
2022/09/09 09:27:24 [notice] 35#35: exit
2022/09/09 09:27:24 [notice] 37#37: exit
2022/09/09 09:27:24 [notice] 36#36: exit
2022/09/09 09:27:24 [notice] 1#1: signal 17 (SIGCHLD) received from 37
2022/09/09 09:27:24 [notice] 1#1: worker process 32 exited with code 0
2022/09/09 09:27:24 [notice] 1#1: worker process 37 exited with code 0
2022/09/09 09:27:24 [notice] 1#1: signal 29 (SIGIO) received
2022/09/09 09:27:24 [notice] 1#1: signal 17 (SIGCHLD) received from 32
2022/09/09 09:27:24 [notice] 1#1: signal 17 (SIGCHLD) received from 30
2022/09/09 09:27:24 [notice] 1#1: worker process 30 exited with code 0
2022/09/09 09:27:24 [notice] 1#1: worker process 36 exited with code 0
2022/09/09 09:27:24 [notice] 1#1: signal 29 (SIGIO) received
2022/09/09 09:27:24 [notice] 1#1: signal 17 (SIGCHLD) received from 34
2022/09/09 09:27:24 [notice] 1#1: worker process 34 exited with code 0
2022/09/09 09:27:24 [notice] 1#1: signal 29 (SIGIO) received
2022/09/09 09:27:24 [notice] 1#1: signal 17 (SIGCHLD) received from 35
2022/09/09 09:27:24 [notice] 1#1: worker process 35 exited with code 0
2022/09/09 09:27:24 [notice] 1#1: signal 29 (SIGIO) received
2022/09/09 09:27:24 [notice] 1#1: signal 17 (SIGCHLD) received from 33
2022/09/09 09:27:24 [notice] 1#1: worker process 33 exited with code 0
2022/09/09 09:27:24 [notice] 1#1: signal 29 (SIGIO) received
2022/09/09 09:27:24 [notice] 1#1: signal 17 (SIGCHLD) received from 31
2022/09/09 09:27:24 [notice] 1#1: worker process 31 exited with code 0
2022/09/09 09:27:24 [notice] 1#1: exit
2022/09/09 09:31:34 [notice] 1#1: using the "epoll" event method
2022/09/09 09:31:34 [notice] 1#1: nginx/1.23.1
2022/09/09 09:31:34 [notice] 1#1: built by gcc 10.2.1 20210110 (Debian 10.2.1-6) 
2022/09/09 09:31:34 [notice] 1#1: OS: Linux 5.10.16.3-microsoft-standard-WSL2
2022/09/09 09:31:34 [notice] 1#1: getrlimit(RLIMIT_NOFILE): 1048576:1048576
2022/09/09 09:31:34 [notice] 1#1: start worker processes
2022/09/09 09:31:34 [notice] 1#1: start worker process 31
2022/09/09 09:31:34 [notice] 1#1: start worker process 32
2022/09/09 09:31:34 [notice] 1#1: start worker process 33
2022/09/09 09:31:34 [notice] 1#1: start worker process 34
2022/09/09 09:31:34 [notice] 1#1: start worker process 35
2022/09/09 09:31:34 [notice] 1#1: start worker process 36
2022/09/09 09:31:34 [notice] 1#1: start worker process 37
2022/09/09 09:31:34 [notice] 1#1: start worker process 38
2022/09/09 10:04:30 [notice] 1#1: using the "epoll" event method
2022/09/09 10:04:30 [notice] 1#1: nginx/1.23.1
2022/09/09 10:04:30 [notice] 1#1: built by gcc 10.2.1 20210110 (Debian 10.2.1-6) 
2022/09/09 10:04:30 [notice] 1#1: OS: Linux 5.10.16.3-microsoft-standard-WSL2
2022/09/09 10:04:30 [notice] 1#1: getrlimit(RLIMIT_NOFILE): 1048576:1048576
2022/09/09 10:04:30 [notice] 1#1: start worker processes
2022/09/09 10:04:30 [notice] 1#1: start worker process 31
2022/09/09 10:04:30 [notice] 1#1: start worker process 32
2022/09/09 10:04:30 [notice] 1#1: start worker process 33
2022/09/09 10:04:30 [notice] 1#1: start worker process 34
2022/09/09 10:04:30 [notice] 1#1: start worker process 35
2022/09/09 10:04:30 [notice] 1#1: start worker process 36
2022/09/09 10:04:30 [notice] 1#1: start worker process 37
2022/09/09 10:04:30 [notice] 1#1: start worker process 38
2022/09/09 10:07:59 [info] 31#31: *1 client closed connection while waiting for request, client: 172.19.0.1, server: 0.0.0.0:80
2022/09/09 10:08:34 [info] 33#33: *5 client closed connection while waiting for request, client: 172.19.0.1, server: 0.0.0.0:80
2022/09/09 10:09:10 [info] 32#32: *2 client 172.19.0.1 closed keepalive connection
